<?xml version="1.0" encoding="UTF-8"?>
<!-- Generated by org.testng.reporters.JUnitXMLReporter -->
<testsuite hostname="HSNMM-AbhishekB" name="Order Booking Test" tests="4" failures="0" timestamp="21 Oct 2016 05:20:59 GMT" time="0.029" errors="0">
  <testcase name="@BeforeSuite setDriver" time="0.0" classname="com.hs18.Test.CRM.OrderBookingTest">
    <failure type="org.testng.TestNGException" message="
Parameter &amp;apos;Application&amp;apos; is required by @Configuration on method setDriver but has not been marked @Optional or defined
in E:\Projects\HS18Automation\UIAutomation\QAAutomation\testng.xml">
      <![CDATA[org.testng.TestNGException: 
Parameter 'Application' is required by @Configuration on method setDriver but has not been marked @Optional or defined
in E:\Projects\HS18Automation\UIAutomation\QAAutomation\testng.xml
... Removed 15 stack frames]]>
    </failure>
  </testcase> <!-- @BeforeSuite setDriver -->
  <testcase name="@BeforeClass beforeFielSet" time="0.0" classname="com.hs18.Test.CRM.OrderBookingTest">
    <skipped/>
  </testcase> <!-- @BeforeClass beforeFielSet -->
  <testcase name="callernoTest" time="0.0" classname="com.hs18.Test.CRM.OrderBookingTest">
    <skipped/>
  </testcase> <!-- callernoTest -->
  <testcase name="searchProductTest" time="0.0" classname="com.hs18.Test.CRM.OrderBookingTest">
    <skipped/>
  </testcase> <!-- searchProductTest -->
  <testcase name="pincodeTest" time="0.0" classname="com.hs18.Test.CRM.OrderBookingTest">
    <skipped/>
  </testcase> <!-- pincodeTest -->
  <testcase name="cartTest" time="0.0" classname="com.hs18.Test.CRM.OrderBookingTest">
    <skipped/>
  </testcase> <!-- cartTest -->
</testsuite> <!-- Order Booking Test -->
