<?xml version="1.0" encoding="UTF-8"?>
<testng-results skipped="0" failed="1" total="1" passed="0">
  <reporter-output>
  </reporter-output>
  <suite name="example suite 1" duration-ms="41219" started-at="2016-03-08T09:49:11Z" finished-at="2016-03-08T09:49:52Z">
    <groups>
    </groups>
    <test name="Regression suite 1" duration-ms="41219" started-at="2016-03-08T09:49:11Z" finished-at="2016-03-08T09:49:52Z">
      <class name="ReportTestPackage.clsPawasp">
        <test-method status="FAIL" signature="TestLogin(java.lang.String, java.lang.String, java.lang.String)[pri:0, instance:ReportTestPackage.clsPawasp@2ef9b8bc]" name="TestLogin" duration-ms="41124" started-at="2016-03-08T15:19:11Z" finished-at="2016-03-08T15:19:52Z">
          <params>
            <param index="0">
              <value>
                <![CDATA[http://172.16.0.103:8000/#/]]>
              </value>
            </param>
            <param index="1">
              <value>
                <![CDATA[pawasp]]>
              </value>
            </param>
            <param index="2">
              <value>
                <![CDATA[biteam]]>
              </value>
            </param>
          </params>
          <exception class="org.openqa.selenium.NoSuchWindowException">
            <message>
              <![CDATA[Window not found. The browser window may have been closed.
Command duration or timeout: 116 milliseconds
Build info: version: '2.52.0', revision: '4c2593cfc3689a7fcd7be52549167e5ccc93ad28', time: '2016-02-11 11:22:43'
System info: host: 'HSNMM-RamNiwas', ip: '10.50.33.195', os.name: 'Windows 7', os.arch: 'amd64', os.version: '6.1', java.version: '1.8.0_74'
Driver info: org.openqa.selenium.firefox.FirefoxDriver
Capabilities [{applicationCacheEnabled=true, rotatable=false, handlesAlerts=true, databaseEnabled=true, version=44.0.2, platform=WINDOWS, nativeEvents=false, acceptSslCerts=true, webStorageEnabled=true, locationContextEnabled=true, browserName=firefox, takesScreenshot=true, javascriptEnabled=true, cssSelectorsEnabled=true}]
Session ID: 9ffbaacd-c578-4aed-a7ea-162c891e6807
*** Element info: {Using=xpath, value=//*[starts-with(text(),'Call Center Call Cost')]}]]>
            </message>
            <full-stacktrace>
              <![CDATA[org.openqa.selenium.NoSuchWindowException: Window not found. The browser window may have been closed.
Command duration or timeout: 116 milliseconds
Build info: version: '2.52.0', revision: '4c2593cfc3689a7fcd7be52549167e5ccc93ad28', time: '2016-02-11 11:22:43'
System info: host: 'HSNMM-RamNiwas', ip: '10.50.33.195', os.name: 'Windows 7', os.arch: 'amd64', os.version: '6.1', java.version: '1.8.0_74'
Driver info: org.openqa.selenium.firefox.FirefoxDriver
Capabilities [{applicationCacheEnabled=true, rotatable=false, handlesAlerts=true, databaseEnabled=true, version=44.0.2, platform=WINDOWS, nativeEvents=false, acceptSslCerts=true, webStorageEnabled=true, locationContextEnabled=true, browserName=firefox, takesScreenshot=true, javascriptEnabled=true, cssSelectorsEnabled=true}]
Session ID: 9ffbaacd-c578-4aed-a7ea-162c891e6807
*** Element info: {Using=xpath, value=//*[starts-with(text(),'Call Center Call Cost')]}
	at sun.reflect.NativeConstructorAccessorImpl.newInstance0(Native Method)
	at sun.reflect.NativeConstructorAccessorImpl.newInstance(NativeConstructorAccessorImpl.java:62)
	at sun.reflect.DelegatingConstructorAccessorImpl.newInstance(DelegatingConstructorAccessorImpl.java:45)
	at java.lang.reflect.Constructor.newInstance(Constructor.java:423)
	at org.openqa.selenium.remote.ErrorHandler.createThrowable(ErrorHandler.java:206)
	at org.openqa.selenium.remote.ErrorHandler.throwIfResponseFailed(ErrorHandler.java:158)
	at org.openqa.selenium.remote.RemoteWebDriver.execute(RemoteWebDriver.java:678)
	at org.openqa.selenium.remote.RemoteWebDriver.findElement(RemoteWebDriver.java:363)
	at org.openqa.selenium.remote.RemoteWebDriver.findElementByXPath(RemoteWebDriver.java:500)
	at org.openqa.selenium.By$ByXPath.findElement(By.java:361)
	at org.openqa.selenium.remote.RemoteWebDriver.findElement(RemoteWebDriver.java:355)
	at ReportTestPackage.clsPawasp.TestLogin(clsPawasp.java:99)
	at sun.reflect.NativeMethodAccessorImpl.invoke0(Native Method)
	at sun.reflect.NativeMethodAccessorImpl.invoke(NativeMethodAccessorImpl.java:62)
	at sun.reflect.DelegatingMethodAccessorImpl.invoke(DelegatingMethodAccessorImpl.java:43)
	at java.lang.reflect.Method.invoke(Method.java:498)
	at org.testng.internal.MethodInvocationHelper.invokeMethod(MethodInvocationHelper.java:86)
	at org.testng.internal.Invoker.invokeMethod(Invoker.java:643)
	at org.testng.internal.Invoker.invokeTestMethod(Invoker.java:820)
	at org.testng.internal.Invoker.invokeTestMethods(Invoker.java:1128)
	at org.testng.internal.TestMethodWorker.invokeTestMethods(TestMethodWorker.java:129)
	at org.testng.internal.TestMethodWorker.run(TestMethodWorker.java:112)
	at org.testng.TestRunner.privateRun(TestRunner.java:782)
	at org.testng.TestRunner.run(TestRunner.java:632)
	at org.testng.SuiteRunner.runTest(SuiteRunner.java:366)
	at org.testng.SuiteRunner.runSequentially(SuiteRunner.java:361)
	at org.testng.SuiteRunner.privateRun(SuiteRunner.java:319)
	at org.testng.SuiteRunner.run(SuiteRunner.java:268)
	at org.testng.SuiteRunnerWorker.runSuite(SuiteRunnerWorker.java:52)
	at org.testng.SuiteRunnerWorker.run(SuiteRunnerWorker.java:86)
	at org.testng.TestNG.runSuitesSequentially(TestNG.java:1244)
	at org.testng.TestNG.runSuitesLocally(TestNG.java:1169)
	at org.testng.TestNG.run(TestNG.java:1064)
	at org.apache.maven.surefire.testng.TestNGExecutor.run(TestNGExecutor.java:178)
	at org.apache.maven.surefire.testng.TestNGXmlTestSuite.execute(TestNGXmlTestSuite.java:92)
	at org.apache.maven.surefire.testng.TestNGProvider.invoke(TestNGProvider.java:96)
	at sun.reflect.NativeMethodAccessorImpl.invoke0(Native Method)
	at sun.reflect.NativeMethodAccessorImpl.invoke(NativeMethodAccessorImpl.java:62)
	at sun.reflect.DelegatingMethodAccessorImpl.invoke(DelegatingMethodAccessorImpl.java:43)
	at java.lang.reflect.Method.invoke(Method.java:498)
	at org.apache.maven.surefire.util.ReflectionUtils.invokeMethodWithArray2(ReflectionUtils.java:208)
	at org.apache.maven.surefire.booter.ProviderFactory$ProviderProxy.invoke(ProviderFactory.java:159)
	at org.apache.maven.surefire.booter.ProviderFactory.invokeProvider(ProviderFactory.java:87)
	at org.apache.maven.surefire.booter.ForkedBooter.runSuitesInProcess(ForkedBooter.java:153)
	at org.apache.maven.surefire.booter.ForkedBooter.main(ForkedBooter.java:95)
Caused by: org.openqa.selenium.NoSuchWindowException: Window not found. The browser window may have been closed.
Build info: version: '2.52.0', revision: '4c2593cfc3689a7fcd7be52549167e5ccc93ad28', time: '2016-02-11 11:22:43'
System info: host: 'HSNMM-RamNiwas', ip: '10.50.33.195', os.name: 'Windows 7', os.arch: 'amd64', os.version: '6.1', java.version: '1.8.0_74'
Driver info: driver.version: unknown
	at <anonymous class>.nsCommandProcessor.prototype.execute(file:///C:/Users/RAM~1.SAH/AppData/Local/Temp/anonymous5986679002590208109webdriver-profile/extensions/fxdriver@googlecode.com/components/command-processor.js:12668)
	at <anonymous class>.Dispatcher.executeAs/<(file:///C:/Users/RAM~1.SAH/AppData/Local/Temp/anonymous5986679002590208109webdriver-profile/extensions/fxdriver@googlecode.com/components/driver-component.js:9511)
	at <anonymous class>.Resource.prototype.handle(file:///C:/Users/RAM~1.SAH/AppData/Local/Temp/anonymous5986679002590208109webdriver-profile/extensions/fxdriver@googlecode.com/components/driver-component.js:9658)
	at <anonymous class>.Dispatcher.prototype.dispatch(file:///C:/Users/RAM~1.SAH/AppData/Local/Temp/anonymous5986679002590208109webdriver-profile/extensions/fxdriver@googlecode.com/components/driver-component.js:9605)
	at <anonymous class>.WebDriverServer/<.handle(file:///C:/Users/RAM~1.SAH/AppData/Local/Temp/anonymous5986679002590208109webdriver-profile/extensions/fxdriver@googlecode.com/components/driver-component.js:12470)
	at <anonymous class>.createHandlerFunc/<(file:///C:/Users/RAM~1.SAH/AppData/Local/Temp/anonymous5986679002590208109webdriver-profile/extensions/fxdriver@googlecode.com/components/httpd.js:2054)
	at <anonymous class>.ServerHandler.prototype.handleResponse(file:///C:/Users/RAM~1.SAH/AppData/Local/Temp/anonymous5986679002590208109webdriver-profile/extensions/fxdriver@googlecode.com/components/httpd.js:2387)
	at <anonymous class>.Connection.prototype.process(file:///C:/Users/RAM~1.SAH/AppData/Local/Temp/anonymous5986679002590208109webdriver-profile/extensions/fxdriver@googlecode.com/components/httpd.js:1223)
	at <anonymous class>.RequestReader.prototype._handleResponse(file:///C:/Users/RAM~1.SAH/AppData/Local/Temp/anonymous5986679002590208109webdriver-profile/extensions/fxdriver@googlecode.com/components/httpd.js:1677)
	at <anonymous class>.RequestReader.prototype._processBody(file:///C:/Users/RAM~1.SAH/AppData/Local/Temp/anonymous5986679002590208109webdriver-profile/extensions/fxdriver@googlecode.com/components/httpd.js:1525)
	at <anonymous class>.RequestReader.prototype.onInputStreamReady(file:///C:/Users/RAM~1.SAH/AppData/Local/Temp/anonymous5986679002590208109webdriver-profile/extensions/fxdriver@googlecode.com/components/httpd.js:1393)
]]>
            </full-stacktrace>
          </exception> <!-- org.openqa.selenium.NoSuchWindowException -->
          <reporter-output>
          </reporter-output>
        </test-method> <!-- TestLogin -->
      </class> <!-- ReportTestPackage.clsPawasp -->
    </test> <!-- Regression suite 1 -->
  </suite> <!-- example suite 1 -->
</testng-results>
