<?xml version="1.0" encoding="UTF-8"?>
<!-- Generated by org.testng.reporters.JUnitXMLReporter -->
<testsuite hostname="HSNMM-RamNiwas" name="Test For Login to CRM" tests="3" failures="1" timestamp="25 Apr 2016 05:04:42 GMT" time="10.187" errors="0">
  <testcase name="failingTest" time="5.328" classname="com.hs18.extentreports.tests.LoginTest">
    <failure type="java.lang.AssertionError" message="expected [This is not the error message you&amp;apos;re looking for.] but found [Value is required.Enter Valid value.]">
      <![CDATA[java.lang.AssertionError: expected [This is not the error message you're looking for.] but found [Value is required.Enter Valid value.]
	at com.hs18.extentreports.tests.LoginTest.failingTest(LoginTest.java:43)
... Removed 29 stack frames]]>
    </failure>
  </testcase> <!-- failingTest -->
  <testcase name="testFailingLogin" time="2.406" classname="com.hs18.extentreports.tests.LoginTest"/>
  <testcase name="testSuccessfulLogin" time="2.419" classname="com.hs18.extentreports.tests.LoginTest"/>
</testsuite> <!-- Test For Login to CRM -->
