<html>
<head>
<title>TestNG:  DFC</title>
<link href="../testng.css" rel="stylesheet" type="text/css" />
<link href="../my-testng.css" rel="stylesheet" type="text/css" />

<style type="text/css">
.log { display: none;} 
.stack-trace { display: none;} 
</style>
<script type="text/javascript">
<!--
function flip(e) {
  current = e.style.display;
  if (current == 'block') {
    e.style.display = 'none';
    return 0;
  }
  else {
    e.style.display = 'block';
    return 1;
  }
}

function toggleBox(szDivId, elem, msg1, msg2)
{
  var res = -1;  if (document.getElementById) {
    res = flip(document.getElementById(szDivId));
  }
  else if (document.all) {
    // this is the way old msie versions work
    res = flip(document.all[szDivId]);
  }
  if(elem) {
    if(res == 0) elem.innerHTML = msg1; else elem.innerHTML = msg2;
  }

}

function toggleAllBoxes() {
  if (document.getElementsByTagName) {
    d = document.getElementsByTagName('div');
    for (i = 0; i < d.length; i++) {
      if (d[i].className == 'log') {
        flip(d[i]);
      }
    }
  }
}

// -->
</script>

</head>
<body>
<h2 align='center'>DFC</h2><table border='1' align="center">
<tr>
<td>Tests passed/Failed/Skipped:</td><td>2/2/0</td>
</tr><tr>
<td>Started on:</td><td>Thu Feb 09 12:29:34 IST 2017</td>
</tr>
<tr><td>Total time:</td><td>34 seconds (34178 ms)</td>
</tr><tr>
<td>Included groups:</td><td></td>
</tr><tr>
<td>Excluded groups:</td><td></td>
</tr>
</table><p/>
<small><i>(Hover the method name to see the test class name)</i></small><p/>
<table width='100%' border='1' class='invocation-failed'>
<tr><td colspan='4' align='center'><b>FAILED TESTS</b></td></tr>
<tr><td><b>Test method</b></td>
<td width="30%"><b>Exception</b></td>
<td width="10%"><b>Time (seconds)</b></td>
<td><b>Instance</b></td>
</tr>
<tr>
<td title='com.hs18.Test.DFC.DFCCreateOrderFormTest.SearchProduct()'><b>SearchProduct</b><br>Test class: com.hs18.Test.DFC.DFCCreateOrderFormTest<br>Test method: product search<br>Parameters: 32166600, Pending, Aramex<br/>
<a href="#Output-2059461664" onClick='toggleBox("Output-2059461664", this, "Show output", "Hide output");'>Show output</a>

<a href="#Output-2059461664" onClick="toggleAllBoxes();">Show all outputs</a>
<div class='log' id="Output-2059461664">
<a href='pages/09_Feb_2017__12_30_08PM.png'> <img src='pages/09_Feb_2017__12_30_08PM.png' hight='550' width='649'/> </a><br/>
</div>
</td>
<td><div><pre>java.lang.AssertionError: expected [true] but found [false]
	at com.hs18.commonFunctionality.DFC.DFCCreateOrderForm.AddBalanceQty(DFCCreateOrderForm.java:32)
	at com.hs18.Test.DFC.DFCCreateOrderFormTest.SearchProduct(DFCCreateOrderFormTest.java:26)
... Removed 28 stack frames</pre></div><a href='#' onClick='toggleBox("stack-trace2059461664", this, "Click to show all stack frames", "Click to hide stack frames")'>Click to show all stack frames</a>
<div class='stack-trace' id='stack-trace2059461664'><pre>java.lang.AssertionError: expected [true] but found [false]
	at org.testng.Assert.fail(Assert.java:94)
	at org.testng.Assert.failNotEquals(Assert.java:496)
	at org.testng.Assert.assertTrue(Assert.java:42)
	at org.testng.Assert.assertTrue(Assert.java:52)
	at com.hs18.commonFunctionality.DFC.DFCCreateOrderForm.AddBalanceQty(DFCCreateOrderForm.java:32)
	at com.hs18.Test.DFC.DFCCreateOrderFormTest.SearchProduct(DFCCreateOrderFormTest.java:26)
	at sun.reflect.NativeMethodAccessorImpl.invoke0(Native Method)
	at sun.reflect.NativeMethodAccessorImpl.invoke(NativeMethodAccessorImpl.java:62)
	at sun.reflect.DelegatingMethodAccessorImpl.invoke(DelegatingMethodAccessorImpl.java:43)
	at java.lang.reflect.Method.invoke(Method.java:498)
	at org.testng.internal.MethodInvocationHelper.invokeMethod(MethodInvocationHelper.java:85)
	at org.testng.internal.Invoker.invokeMethod(Invoker.java:639)
	at org.testng.internal.Invoker.invokeTestMethod(Invoker.java:821)
	at org.testng.internal.Invoker.invokeTestMethods(Invoker.java:1131)
	at org.testng.internal.TestMethodWorker.invokeTestMethods(TestMethodWorker.java:124)
	at org.testng.internal.TestMethodWorker.run(TestMethodWorker.java:108)
	at org.testng.TestRunner.privateRun(TestRunner.java:773)
	at org.testng.TestRunner.run(TestRunner.java:623)
	at org.testng.SuiteRunner.runTest(SuiteRunner.java:357)
	at org.testng.SuiteRunner.runSequentially(SuiteRunner.java:352)
	at org.testng.SuiteRunner.privateRun(SuiteRunner.java:310)
	at org.testng.SuiteRunner.run(SuiteRunner.java:259)
	at org.testng.SuiteRunnerWorker.runSuite(SuiteRunnerWorker.java:52)
	at org.testng.SuiteRunnerWorker.run(SuiteRunnerWorker.java:86)
	at org.testng.TestNG.runSuitesSequentially(TestNG.java:1185)
	at org.testng.TestNG.runSuitesLocally(TestNG.java:1110)
	at org.testng.TestNG.run(TestNG.java:1018)
	at org.testng.remote.RemoteTestNG.run(RemoteTestNG.java:111)
	at org.testng.remote.RemoteTestNG.initAndRun(RemoteTestNG.java:204)
	at org.testng.remote.RemoteTestNG.main(RemoteTestNG.java:175)
</pre></div></td>
<td>12</td>
<td>com.hs18.Test.DFC.DFCCreateOrderFormTest@27808f31</td></tr>
<tr>
<td title='com.hs18.Test.DFC.DfcLoginTest.logInToDFC()'><b>logInToDFC</b><br>Test class: com.hs18.Test.DFC.DfcLoginTest<br>Test method: login DFC Test<br>Parameters: http://app04.preprod.hs18.lan:8090/dfc-web/jsp/welcome.xhtml, TarashOverseasPL_HS18, TarashOverseasPL@78ds, 2<br/>
<a href="#Output-1997548433" onClick='toggleBox("Output-1997548433", this, "Show output", "Hide output");'>Show output</a>

<a href="#Output-1997548433" onClick="toggleAllBoxes();">Show all outputs</a>
<div class='log' id="Output-1997548433">
Text doesn't macthed -expected [Login not successful: invalid username or password!] but found [News Feed]<br/>
<a href='pages/09_Feb_2017__12_29_55PM.png'> <img src='pages/09_Feb_2017__12_29_55PM.png' hight='550' width='649'/> </a><br/>
</div>
</td>
<td><div><pre>java.lang.AssertionError: expected [Login not successful: invalid username or password!] but found [News Feed]
	at com.hs18.Test.DFC.DfcLoginTest.logInToDFC(DfcLoginTest.java:58)
... Removed 29 stack frames</pre></div><a href='#' onClick='toggleBox("stack-trace1997548433", this, "Click to show all stack frames", "Click to hide stack frames")'>Click to show all stack frames</a>
<div class='stack-trace' id='stack-trace1997548433'><pre>java.lang.AssertionError: expected [Login not successful: invalid username or password!] but found [News Feed]
	at org.testng.Assert.fail(Assert.java:94)
	at org.testng.Assert.failNotEquals(Assert.java:496)
	at org.testng.Assert.assertEquals(Assert.java:125)
	at org.testng.Assert.assertEquals(Assert.java:178)
	at org.testng.Assert.assertEquals(Assert.java:188)
	at com.hs18.Test.DFC.DfcLoginTest.logInToDFC(DfcLoginTest.java:58)
	at sun.reflect.NativeMethodAccessorImpl.invoke0(Native Method)
	at sun.reflect.NativeMethodAccessorImpl.invoke(NativeMethodAccessorImpl.java:62)
	at sun.reflect.DelegatingMethodAccessorImpl.invoke(DelegatingMethodAccessorImpl.java:43)
	at java.lang.reflect.Method.invoke(Method.java:498)
	at org.testng.internal.MethodInvocationHelper.invokeMethod(MethodInvocationHelper.java:85)
	at org.testng.internal.Invoker.invokeMethod(Invoker.java:639)
	at org.testng.internal.Invoker.invokeTestMethod(Invoker.java:821)
	at org.testng.internal.Invoker.invokeTestMethods(Invoker.java:1131)
	at org.testng.internal.TestMethodWorker.invokeTestMethods(TestMethodWorker.java:124)
	at org.testng.internal.TestMethodWorker.run(TestMethodWorker.java:108)
	at org.testng.TestRunner.privateRun(TestRunner.java:773)
	at org.testng.TestRunner.run(TestRunner.java:623)
	at org.testng.SuiteRunner.runTest(SuiteRunner.java:357)
	at org.testng.SuiteRunner.runSequentially(SuiteRunner.java:352)
	at org.testng.SuiteRunner.privateRun(SuiteRunner.java:310)
	at org.testng.SuiteRunner.run(SuiteRunner.java:259)
	at org.testng.SuiteRunnerWorker.runSuite(SuiteRunnerWorker.java:52)
	at org.testng.SuiteRunnerWorker.run(SuiteRunnerWorker.java:86)
	at org.testng.TestNG.runSuitesSequentially(TestNG.java:1185)
	at org.testng.TestNG.runSuitesLocally(TestNG.java:1110)
	at org.testng.TestNG.run(TestNG.java:1018)
	at org.testng.remote.RemoteTestNG.run(RemoteTestNG.java:111)
	at org.testng.remote.RemoteTestNG.initAndRun(RemoteTestNG.java:204)
	at org.testng.remote.RemoteTestNG.main(RemoteTestNG.java:175)
</pre></div></td>
<td>1</td>
<td>com.hs18.Test.DFC.DfcLoginTest@307f6b8c</td></tr>
</table><p>
<table width='100%' border='1' class='invocation-passed'>
<tr><td colspan='4' align='center'><b>PASSED TESTS</b></td></tr>
<tr><td><b>Test method</b></td>
<td width="30%"><b>Exception</b></td>
<td width="10%"><b>Time (seconds)</b></td>
<td><b>Instance</b></td>
</tr>
<tr>
<td title='com.hs18.Test.DFC.DfcLoginTest.changeStatus()'><b>changeStatus</b><br>Test class: com.hs18.Test.DFC.DfcLoginTest<br>Test method: change status<br>Parameters: [41357349229]</td>
<td></td>
<td>16</td>
<td>com.hs18.Test.DFC.DfcLoginTest@307f6b8c</td></tr>
<tr>
<td title='com.hs18.Test.DFC.DfcLoginTest.logInToDFC()'><b>logInToDFC</b><br>Test class: com.hs18.Test.DFC.DfcLoginTest<br>Test method: login DFC Test<br>Parameters: http://app04.preprod.hs18.lan:8090/dfc-web/jsp/welcome.xhtml, dfc, dfc, 0</td>
<td></td>
<td>2</td>
<td>com.hs18.Test.DFC.DfcLoginTest@307f6b8c</td></tr>
</table><p>
</body>
</html>