<?xml version="1.0" encoding="UTF-8"?>
<!-- Generated by org.testng.reporters.JUnitXMLReporter -->
<testsuite hostname="HSNMM-RamNiwas" name="Default test" tests="1" failures="0" timestamp="19 Apr 2017 16:48:12 GMT" time="0.032" errors="0">
  <testcase name="@BeforeSuite setDriver" time="0.0" classname="com.hs18.TestDataCreation.BulkOrderCreation">
    <failure type="org.testng.TestNGException" message="
Parameter &amp;apos;Application&amp;apos; is required by @Configuration on method setDriver but has not been marked @Optional or defined
in C:\Users\Ram.Sahu\AppData\Local\Temp\testng-eclipse--552351585\testng-customsuite.xml">
      <![CDATA[org.testng.TestNGException: 
Parameter 'Application' is required by @Configuration on method setDriver but has not been marked @Optional or defined
in C:\Users\Ram.Sahu\AppData\Local\Temp\testng-eclipse--552351585\testng-customsuite.xml
	at org.testng.internal.Parameters.createParameters(Parameters.java:148)
	at org.testng.internal.Parameters.createParameters(Parameters.java:361)
	at org.testng.internal.Parameters.createConfigurationParameters(Parameters.java:84)
	at org.testng.internal.Invoker.invokeConfigurations(Invoker.java:197)
	at org.testng.internal.Invoker.invokeConfigurations(Invoker.java:138)
	at org.testng.SuiteRunner.privateRun(SuiteRunner.java:296)
	at org.testng.SuiteRunner.run(SuiteRunner.java:259)
	at org.testng.SuiteRunnerWorker.runSuite(SuiteRunnerWorker.java:52)
	at org.testng.SuiteRunnerWorker.run(SuiteRunnerWorker.java:86)
	at org.testng.TestNG.runSuitesSequentially(TestNG.java:1185)
	at org.testng.TestNG.runSuitesLocally(TestNG.java:1110)
	at org.testng.TestNG.run(TestNG.java:1018)
	at org.testng.remote.RemoteTestNG.run(RemoteTestNG.java:111)
	at org.testng.remote.RemoteTestNG.initAndRun(RemoteTestNG.java:204)
	at org.testng.remote.RemoteTestNG.main(RemoteTestNG.java:175)
]]>
    </failure>
  </testcase> <!-- @BeforeSuite setDriver -->
  <testcase name="@BeforeClass beforeFielSet" time="0.0" classname="com.hs18.TestDataCreation.BulkOrderCreation">
    <skipped/>
  </testcase> <!-- @BeforeClass beforeFielSet -->
  <testcase name="createBulkOrders" time="0.0" classname="com.hs18.TestDataCreation.BulkOrderCreation">
    <skipped/>
  </testcase> <!-- createBulkOrders -->
</testsuite> <!-- Default test -->
